生成启动时间为 2016/11/2 14:43:39。
     1>项目“D:\LZeroCode\C11\C++11\C++11.vcxproj”在节点 2 上(Build 个目标)。
     1>ClCompile:
         D:\VS2013\VC\bin\CL.exe /c /IG:\Code\C++\C++11\ZeroTools\Tools /I"C:\Program Files (x86)\Visual Leak Detector\include" /ZI /nologo /W3 /WX- /sdl /Od /Oy- /D WIN32 /D _DEBUG /D _CONSOLE /D _LIB /D _UNICODE /D UNICODE /Gm /EHsc /RTC1 /MDd /GS /fp:precise /Zc:wchar_t /Zc:forScope /Yu"stdafx.h" /Fp"Debug\C++11.pch" /Fo"Debug\\" /Fd"Debug\vc120.pdb" /Gd /TP /analyze- /errorReport:prompt C++11.cpp
         C++11.cpp
     1>d:\lzerocode\c11\zerotools\tools\dllparser.h(66): warning C4251: “DllParser::m_map”: class“std::map<std::string,FARPROC,std::less<_Kty>,std::allocator<std::pair<const _Kty,_Ty>>>”需要有 dll 接口由 class“DllParser”的客户端使用
                 with
                 [
                     _Kty=std::string
         ,            _Ty=FARPROC
                 ]
     1>d:\lzerocode\c11\zerotools\tools\timer.h(40): warning C4251: “Timer::m_begin”: class“std::chrono::time_point<std::chrono::system_clock,std::chrono::system_clock::duration>”需要有 dll 接口由 class“Timer”的客户端使用
     1>d:\lzerocode\c11\zerotools\tools\timer.h(25): warning C4244: “return”: 从“__int64”转换到“long”，可能丢失数据
                 d:\lzerocode\c11\zerotools\tools\timer.h(31): 参见对正在编译的函数 模板 实例化“long Timer::elapsed<std::chrono::seconds>(void) const”的引用
       Link:
         D:\VS2013\VC\bin\link.exe /ERRORREPORT:PROMPT /OUT:"D:\LZeroCode\C11\Debug\C++11.exe" /INCREMENTAL /NOLOGO /LIBPATH:"C:\Program Files (x86)\Visual Leak Detector\lib\Win32" kernel32.lib user32.lib gdi32.lib winspool.lib comdlg32.lib advapi32.lib shell32.lib ole32.lib oleaut32.lib uuid.lib odbc32.lib odbccp32.lib /MANIFEST /MANIFESTUAC:"level='asInvoker' uiAccess='false'" /manifest:embed /DEBUG /PDB:"D:\LZeroCode\C11\Debug\C++11.pdb" /SUBSYSTEM:CONSOLE /TLBID:1 /DYNAMICBASE /NXCOMPAT /IMPLIB:"D:\LZeroCode\C11\Debug\C++11.lib" /MACHINE:X86 Debug\C++11.obj
         Debug\stdafx.obj
         C++11.vcxproj -> D:\LZeroCode\C11\Debug\C++11.exe
     1>已完成生成项目“D:\LZeroCode\C11\C++11\C++11.vcxproj”(Build 个目标)的操作。

生成成功。

已用时间 00:00:05.65
