生成启动时间为 2016/11/2 14:33:34。
     1>项目“D:\LZeroCode\C11\ZeroTools\ZeroTools.vcxproj”在节点 3 上(Build 个目标)。
     1>ClCompile:
         D:\VS2013\VC\bin\CL.exe /c /I"C:\Program Files (x86)\Visual Leak Detector\include" /ZI /nologo /W3 /WX- /sdl /Od /Oy- /D WIN32 /D _DEBUG /D _WINDOWS /D _USRDLL /D ZEROTOOLS_EXPORTS /D _WINDLL /D _UNICODE /D UNICODE /Gm /EHsc /RTC1 /MDd /GS /fp:precise /Zc:wchar_t /Zc:forScope /Yc"stdafx.h" /Fp"Debug\ZeroTools.pch" /Fo"Debug\\" /Fd"Debug\vc120.pdb" /Gd /TP /analyze- /errorReport:prompt stdafx.cpp
         stdafx.cpp
         D:\VS2013\VC\bin\CL.exe /c /I"C:\Program Files (x86)\Visual Leak Detector\include" /ZI /nologo /W3 /WX- /sdl /Od /Oy- /D WIN32 /D _DEBUG /D _WINDOWS /D _USRDLL /D ZEROTOOLS_EXPORTS /D _WINDLL /D _UNICODE /D UNICODE /Gm /EHsc /RTC1 /MDd /GS /fp:precise /Zc:wchar_t /Zc:forScope /Fo"Debug\\" /Fd"Debug\vc120.pdb" /Gd /TP /analyze- /errorReport:prompt dllmain.cpp
         正在跳过...(未检测到相关更改)
         dllmain.cpp
         D:\VS2013\VC\bin\CL.exe /c /I"C:\Program Files (x86)\Visual Leak Detector\include" /ZI /nologo /W3 /WX- /sdl /Od /Oy- /D WIN32 /D _DEBUG /D _WINDOWS /D _USRDLL /D ZEROTOOLS_EXPORTS /D _WINDLL /D _UNICODE /D UNICODE /Gm /EHsc /RTC1 /MDd /GS /fp:precise /Zc:wchar_t /Zc:forScope /Yu"stdafx.h" /Fp"Debug\ZeroTools.pch" /Fo"Debug\\" /Fd"Debug\vc120.pdb" /Gd /TP /analyze- /errorReport:prompt Tools\DllParser.cpp ZeroTools.cpp
         DllParser.cpp
     1>d:\lzerocode\c11\zerotools\tools\dllparser.h(66): warning C4251: “DllParser::m_map”: class“std::map<std::string,FARPROC,std::less<_Kty>,std::allocator<std::pair<const _Kty,_Ty>>>”需要有 dll 接口由 class“DllParser”的客户端使用
                 with
                 [
                     _Kty=std::string
         ,            _Ty=FARPROC
                 ]
         正在生成代码...
         正在跳过...(未检测到相关更改)
         ZeroTools.cpp
       Link:
         D:\VS2013\VC\bin\link.exe /ERRORREPORT:PROMPT /OUT:"D:\LZeroCode\C11\Debug\ZeroTools.dll" /INCREMENTAL /NOLOGO /LIBPATH:"C:\Program Files (x86)\Visual Leak Detector\lib\Win32" kernel32.lib user32.lib gdi32.lib winspool.lib comdlg32.lib advapi32.lib shell32.lib ole32.lib oleaut32.lib uuid.lib odbc32.lib odbccp32.lib /MANIFEST /MANIFESTUAC:"level='asInvoker' uiAccess='false'" /manifest:embed /DEBUG /PDB:"D:\LZeroCode\C11\Debug\ZeroTools.pdb" /SUBSYSTEM:WINDOWS /TLBID:1 /DYNAMICBASE /NXCOMPAT /IMPLIB:"D:\LZeroCode\C11\Debug\ZeroTools.lib" /MACHINE:X86 /DLL Debug\dllmain.obj
         Debug\stdafx.obj
         Debug\DllParser.obj
         Debug\ZeroTools.obj
         ZeroTools.vcxproj -> D:\LZeroCode\C11\Debug\ZeroTools.dll
     1>已完成生成项目“D:\LZeroCode\C11\ZeroTools\ZeroTools.vcxproj”(Build 个目标)的操作。

生成成功。

已用时间 00:00:03.90
